Mon Jan 13 2025 17:29:54 [Event Ease] info: [GET] /
Mon Jan 13 2025 17:29:55 [Event Ease] info: [GET] /favicon.ico
Mon Jan 13 2025 17:30:13 [Event Ease] info: [GET] /
Mon Jan 13 2025 17:30:18 [Event Ease] info: [GET] /test
Mon Jan 13 2025 17:30:50 [Event Ease] info: [GET] /
Mon Jan 13 2025 17:30:54 [Event Ease] info: [GET] /test
Mon Jan 13 2025 17:31:4 [Event Ease] info: [GET] /test
Mon Jan 13 2025 17:31:23 [Event Ease] info: [GET] /test
Mon Jan 13 2025 17:32:14 [Event Ease] info: [GET] /test
Mon Jan 13 2025 17:32:32 [Event Ease] info: [GET] /test
Mon Jan 13 2025 17:33:14 [Event Ease] info: [GET] /test
Mon Jan 13 2025 17:33:46 [Event Ease] info: [GET] /test
Mon Jan 13 2025 17:34:23 [Event Ease] info: [GET] /test
Mon Jan 13 2025 17:36:8 [Event Ease] info: [POST] /api/users/create-user
Mon Jan 13 2025 17:37:37 [Event Ease] info: [POST] /api/users/create-user
Mon Jan 13 2025 17:37:38 [Event Ease] info: [POST] /api/users/create-user
Mon Jan 13 2025 17:37:39 [Event Ease] info: [POST] /api/users/create-user
Mon Jan 13 2025 17:37:52 [Event Ease] info: [POST] /api/v1/users/create-user
Mon Jan 13 2025 17:38:9 [Event Ease] info: [POST] /api/v1/users/login
Mon Jan 13 2025 17:38:13 [Event Ease] info: [GET] /api/v1/users/login
Mon Jan 13 2025 17:38:14 [Event Ease] info: [GET] /api/v1/users/login
Mon Jan 13 2025 17:39:1 [Event Ease] info: [GET] /api/v1/users/login
Mon Jan 13 2025 17:39:6 [Event Ease] info: [GET] /api/v1/users/login
Mon Jan 13 2025 17:39:12 [Event Ease] info: [GET] /api/v1/users/create-user
Mon Jan 13 2025 17:39:16 [Event Ease] info: [POST] /api/v1/users/create-user
Mon Jan 13 2025 17:39:26 [Event Ease] info: [GET] /api/v1/users/login
Mon Jan 13 2025 17:42:25 [Event Ease] info: [GET] /api/v1/users/login
Mon Jan 13 2025 17:43:2 [Event Ease] info: [GET] /api/v1/users/login
Mon Jan 13 2025 17:43:36 [Event Ease] info: [GET] /api/v1/users/login
Mon Jan 13 2025 17:44:9 [Event Ease] info: [GET] /api/v1/users/login
Mon Jan 13 2025 17:44:59 [Event Ease] info: [GET] /api/v1/users/login
Mon Jan 13 2025 17:47:27 [Event Ease] info: [GET] /api/v1/users/login
Mon Jan 13 2025 17:47:34 [Event Ease] info: [GET] /api/v1/users/login
Mon Jan 13 2025 17:50:24 [Event Ease] info: [GET] /api/v1/users/login
