Tue Jan 14 2025 9:3:4 [Event Ease] info: [GET] /api/v1/event
Tue Jan 14 2025 9:7:38 [Event Ease] info: [POST] /api/v1/auth/login
Tue Jan 14 2025 9:7:41 [Event Ease] info: [POST] /api/v1/auth/login
Tue Jan 14 2025 9:7:57 [Event Ease] info: [GET] /api/v1/event
Tue Jan 14 2025 9:8:13 [Event Ease] info: [POST] /api/v1/auth/login
Tue Jan 14 2025 9:8:33 [Event Ease] info: [POST] /api/v1/auth/create-user
Tue Jan 14 2025 9:8:36 [Event Ease] info: [POST] /api/v1/auth/login
Tue Jan 14 2025 9:8:39 [Event Ease] info: [GET] /api/v1/event
Tue Jan 14 2025 9:9:49 [Event Ease] info: [GET] /api/v1/event
Tue Jan 14 2025 9:9:50 [Event Ease] info: [GET] /api/v1/event
Tue Jan 14 2025 9:9:54 [Event Ease] info: [GET] /api/v1/event
Tue Jan 14 2025 9:9:54 [Event Ease] info: [GET] /api/v1/event
Tue Jan 14 2025 9:20:9 [Event Ease] info: [GET] /api/v1/event
Tue Jan 14 2025 9:21:53 [Event Ease] info: [POST] /api/v1/event
Tue Jan 14 2025 9:21:53 [Event Ease] info: [GET] /api/v1/event
Tue Jan 14 2025 9:22:6 [Event Ease] info: [PUT] /api/v1/event/undefined
Tue Jan 14 2025 9:22:15 [Event Ease] info: [PUT] /api/v1/event/undefined
Tue Jan 14 2025 9:23:57 [Event Ease] info: [PUT] /api/v1/event/6785d851ddb3a74b87ec21ce
Tue Jan 14 2025 9:23:57 [Event Ease] info: [GET] /api/v1/event
Tue Jan 14 2025 9:23:58 [Event Ease] info: [GET] /api/v1/event
Tue Jan 14 2025 9:24:2 [Event Ease] info: [PUT] /api/v1/event/6785d851ddb3a74b87ec21ce
Tue Jan 14 2025 9:24:2 [Event Ease] info: [GET] /api/v1/event
Tue Jan 14 2025 9:24:2 [Event Ease] info: [GET] /api/v1/event
Tue Jan 14 2025 9:34:51 [Event Ease] info: [GET] /api/v1/event
Tue Jan 14 2025 9:35:21 [Event Ease] info: [PUT] /api/v1/event/6785894109d9d9e7e194de44
Tue Jan 14 2025 9:35:33 [Event Ease] info: [PUT] /api/v1/event/6785894109d9d9e7e194de44
Tue Jan 14 2025 9:46:9 [Event Ease] info: [GET] /api/v1/event
Tue Jan 14 2025 9:46:16 [Event Ease] info: [PUT] /api/v1/event/6785894109d9d9e7e194de44
Tue Jan 14 2025 9:47:2 [Event Ease] info: [GET] /api/v1/event
Tue Jan 14 2025 9:47:8 [Event Ease] info: [PUT] /api/v1/event/6785894109d9d9e7e194de44
Tue Jan 14 2025 9:47:9 [Event Ease] info: [GET] /api/v1/event
Tue Jan 14 2025 9:49:4 [Event Ease] info: [PUT] /api/v1/event/6785894109d9d9e7e194de44
Tue Jan 14 2025 9:49:4 [Event Ease] info: [GET] /api/v1/event
Tue Jan 14 2025 9:49:13 [Event Ease] info: [PUT] /api/v1/event/6785894109d9d9e7e194de44
Tue Jan 14 2025 9:49:17 [Event Ease] info: [PUT] /api/v1/event/6785894109d9d9e7e194de44
Tue Jan 14 2025 9:50:13 [Event Ease] info: [PUT] /api/v1/event/6785894109d9d9e7e194de44
Tue Jan 14 2025 9:50:18 [Event Ease] info: [PUT] /api/v1/event/6785894109d9d9e7e194de44
Tue Jan 14 2025 9:50:24 [Event Ease] info: [POST] /api/v1/event/register/6785894109d9d9e7e194de44
Tue Jan 14 2025 9:50:25 [Event Ease] info: [GET] /api/v1/event
Tue Jan 14 2025 9:50:35 [Event Ease] info: [PUT] /api/v1/event/6785d851ddb3a74b87ec21ce
Tue Jan 14 2025 9:50:37 [Event Ease] info: [PUT] /api/v1/event/6785d851ddb3a74b87ec21ce
Tue Jan 14 2025 9:50:41 [Event Ease] info: [PUT] /api/v1/event/6785d851ddb3a74b87ec21ce
Tue Jan 14 2025 9:51:4 [Event Ease] info: [GET] /api/v1/event
