Tue Jan 14 2025 15:1:37 [Event Ease] info: [GET] /socket.io/?EIO=4&transport=polling&t=8uf35cd7
Tue Jan 14 2025 15:1:41 [Event Ease] info: [GET] /socket.io/?EIO=4&transport=polling&t=8ujpnf9z
Tue Jan 14 2025 15:1:46 [Event Ease] info: [GET] /socket.io/?EIO=4&transport=polling&t=8unko849
Tue Jan 14 2025 15:1:52 [Event Ease] info: [GET] /socket.io/?EIO=4&transport=polling&t=8us77dgu
Tue Jan 14 2025 15:1:58 [Event Ease] info: [GET] /socket.io/?EIO=4&transport=polling&t=8uwu4tw6
Tue Jan 14 2025 15:2:4 [Event Ease] info: [GET] /socket.io/?EIO=4&transport=polling&t=8v1grqvz
Tue Jan 14 2025 15:2:10 [Event Ease] info: [GET] /socket.io/?EIO=4&transport=polling&t=8v635b9s
Tue Jan 14 2025 15:2:16 [Event Ease] info: [GET] /socket.io/?EIO=4&transport=polling&t=8vaq2g2l
Tue Jan 14 2025 15:2:22 [Event Ease] info: [GET] /socket.io/?EIO=4&transport=polling&t=8vfcpl58
Tue Jan 14 2025 15:2:28 [Event Ease] info: [GET] /socket.io/?EIO=4&transport=polling&t=8vjzf396
Tue Jan 14 2025 15:2:34 [Event Ease] info: [GET] /socket.io/?EIO=4&transport=polling&t=8vom0z6n
Tue Jan 14 2025 15:2:40 [Event Ease] info: [GET] /socket.io/?EIO=4&transport=polling&t=8vt8fgvz
Tue Jan 14 2025 15:2:46 [Event Ease] info: [GET] /socket.io/?EIO=4&transport=polling&t=8vxv64md
Tue Jan 14 2025 15:2:52 [Event Ease] info: [GET] /socket.io/?EIO=4&transport=polling&t=8w2hq0at
Tue Jan 14 2025 15:2:58 [Event Ease] info: [GET] /socket.io/?EIO=4&transport=polling&t=8w74p5gc
Tue Jan 14 2025 15:3:4 [Event Ease] info: [GET] /socket.io/?EIO=4&transport=polling&t=8wbr26x6
Tue Jan 14 2025 15:3:9 [Event Ease] info: [GET] /socket.io/?EIO=4&transport=polling&t=8wfmqbm2
Tue Jan 14 2025 15:3:15 [Event Ease] info: [GET] /socket.io/?EIO=4&transport=polling&t=8wk8xtil
Tue Jan 14 2025 15:3:21 [Event Ease] info: [GET] /socket.io/?EIO=4&transport=polling&t=8wovffze
Tue Jan 14 2025 15:3:27 [Event Ease] info: [GET] /socket.io/?EIO=4&transport=polling&t=8wtiedw4
Tue Jan 14 2025 15:3:33 [Event Ease] info: [GET] /socket.io/?EIO=4&transport=polling&t=8wy4ytbf
Tue Jan 14 2025 15:3:39 [Event Ease] info: [GET] /socket.io/?EIO=4&transport=polling&t=8x2rafjw
Tue Jan 14 2025 15:3:45 [Event Ease] info: [GET] /socket.io/?EIO=4&transport=polling&t=8x7e8emn
Tue Jan 14 2025 15:3:51 [Event Ease] info: [GET] /socket.io/?EIO=4&transport=polling&t=8xc0s8nb
Tue Jan 14 2025 15:3:57 [Event Ease] info: [GET] /socket.io/?EIO=4&transport=polling&t=8xgnklsh
Tue Jan 14 2025 15:4:3 [Event Ease] info: [GET] /socket.io/?EIO=4&transport=polling&t=8xla3rd6
Tue Jan 14 2025 15:4:9 [Event Ease] info: [GET] /socket.io/?EIO=4&transport=polling&t=8xpwx6fs
Tue Jan 14 2025 15:4:15 [Event Ease] info: [GET] /socket.io/?EIO=4&transport=polling&t=8xujasyk
Tue Jan 14 2025 15:4:21 [Event Ease] info: [GET] /socket.io/?EIO=4&transport=polling&t=8xz62fec
Tue Jan 14 2025 15:4:27 [Event Ease] info: [GET] /socket.io/?EIO=4&transport=polling&t=8y3szy42
Tue Jan 14 2025 15:4:33 [Event Ease] info: [GET] /socket.io/?EIO=4&transport=polling&t=8y8fbelr
Tue Jan 14 2025 15:4:39 [Event Ease] info: [GET] /socket.io/?EIO=4&transport=polling&t=8yd255fm
Tue Jan 14 2025 15:4:45 [Event Ease] info: [GET] /socket.io/?EIO=4&transport=polling&t=8yhoqe5z
Tue Jan 14 2025 15:4:51 [Event Ease] info: [GET] /socket.io/?EIO=4&transport=polling&t=8ymbhco0
Tue Jan 14 2025 15:4:57 [Event Ease] info: [GET] /socket.io/?EIO=4&transport=polling&t=8yqymznb
Tue Jan 14 2025 15:5:3 [Event Ease] info: [GET] /socket.io/?EIO=4&transport=polling&t=8yvkyfu9
Tue Jan 14 2025 15:5:9 [Event Ease] info: [GET] /socket.io/?EIO=4&transport=polling&t=8z07nb3d
Tue Jan 14 2025 15:5:15 [Event Ease] info: [GET] /socket.io/?EIO=4&transport=polling&t=8z4u9uie
Tue Jan 14 2025 15:5:21 [Event Ease] info: [GET] /socket.io/?EIO=4&transport=polling&t=8z9hlzfi
Tue Jan 14 2025 15:5:27 [Event Ease] info: [GET] /socket.io/?EIO=4&transport=polling&t=8ze3bn1y
Tue Jan 14 2025 15:5:33 [Event Ease] info: [GET] /socket.io/?EIO=4&transport=polling&t=8ziq5or1
Tue Jan 14 2025 15:5:39 [Event Ease] info: [GET] /socket.io/?EIO=4&transport=polling&t=8zncrk9o
Tue Jan 14 2025 15:5:45 [Event Ease] info: [GET] /socket.io/?EIO=4&transport=polling&t=8zrzf35i
Tue Jan 14 2025 15:5:51 [Event Ease] info: [GET] /socket.io/?EIO=4&transport=polling&t=8zwlznr8
Tue Jan 14 2025 15:5:57 [Event Ease] info: [GET] /socket.io/?EIO=4&transport=polling&t=9018ou0y
Tue Jan 14 2025 15:6:3 [Event Ease] info: [GET] /socket.io/?EIO=4&transport=polling&t=905vlxvj
Tue Jan 14 2025 15:6:9 [Event Ease] info: [GET] /socket.io/?EIO=4&transport=polling&t=90ai3zc8
Tue Jan 14 2025 15:6:15 [Event Ease] info: [GET] /socket.io/?EIO=4&transport=polling&t=90f4s27i
Tue Jan 14 2025 15:6:21 [Event Ease] info: [GET] /socket.io/?EIO=4&transport=polling&t=90jrn22b
Tue Jan 14 2025 15:6:27 [Event Ease] info: [GET] /socket.io/?EIO=4&transport=polling&t=90odwlg5
Tue Jan 14 2025 15:6:33 [Event Ease] info: [GET] /socket.io/?EIO=4&transport=polling&t=90t0reno
Tue Jan 14 2025 15:6:39 [Event Ease] info: [GET] /socket.io/?EIO=4&transport=polling&t=90xnfsed
Tue Jan 14 2025 15:6:45 [Event Ease] info: [GET] /socket.io/?EIO=4&transport=polling&t=912aa6dj
Tue Jan 14 2025 15:6:51 [Event Ease] info: [GET] /socket.io/?EIO=4&transport=polling&t=916x2pqs
Tue Jan 14 2025 15:6:57 [Event Ease] info: [GET] /socket.io/?EIO=4&transport=polling&t=91bjbq8y
Tue Jan 14 2025 15:7:3 [Event Ease] info: [GET] /socket.io/?EIO=4&transport=polling&t=91g660nn
Tue Jan 14 2025 15:7:9 [Event Ease] info: [GET] /socket.io/?EIO=4&transport=polling&t=91ksvckw
Tue Jan 14 2025 15:7:15 [Event Ease] info: [GET] /socket.io/?EIO=4&transport=polling&t=91pfi1y5
Tue Jan 14 2025 15:7:21 [Event Ease] info: [GET] /socket.io/?EIO=4&transport=polling&t=91u1zctv
Tue Jan 14 2025 15:7:27 [Event Ease] info: [GET] /socket.io/?EIO=4&transport=polling&t=91yoxqhf
Tue Jan 14 2025 15:7:33 [Event Ease] info: [GET] /socket.io/?EIO=4&transport=polling&t=923bhljy
Tue Jan 14 2025 15:7:39 [Event Ease] info: [GET] /socket.io/?EIO=4&transport=polling&t=927ybakw
Tue Jan 14 2025 15:7:45 [Event Ease] info: [GET] /socket.io/?EIO=4&transport=polling&t=92ckp3vr
Tue Jan 14 2025 15:7:51 [Event Ease] info: [GET] /socket.io/?EIO=4&transport=polling&t=92h7l6uh
Tue Jan 14 2025 15:7:57 [Event Ease] info: [GET] /socket.io/?EIO=4&transport=polling&t=92lu2i72
Tue Jan 14 2025 15:8:3 [Event Ease] info: [GET] /socket.io/?EIO=4&transport=polling&t=92qgzgc4
Tue Jan 14 2025 15:8:9 [Event Ease] info: [GET] /socket.io/?EIO=4&transport=polling&t=92v3bemc
Tue Jan 14 2025 15:8:15 [Event Ease] info: [GET] /socket.io/?EIO=4&transport=polling&t=92zq992h
Tue Jan 14 2025 15:8:21 [Event Ease] info: [GET] /socket.io/?EIO=4&transport=polling&t=934cp1z4
Tue Jan 14 2025 15:8:27 [Event Ease] info: [GET] /socket.io/?EIO=4&transport=polling&t=938zg9fl
Tue Jan 14 2025 15:8:33 [Event Ease] info: [GET] /socket.io/?EIO=4&transport=polling&t=93dma1aq
Tue Jan 14 2025 15:8:39 [Event Ease] info: [GET] /socket.io/?EIO=4&transport=polling&t=93i8xgbw
Tue Jan 14 2025 15:8:45 [Event Ease] info: [GET] /socket.io/?EIO=4&transport=polling&t=93mvi5a0
Tue Jan 14 2025 15:8:51 [Event Ease] info: [GET] /socket.io/?EIO=4&transport=polling&t=93rhxffc
Tue Jan 14 2025 15:8:57 [Event Ease] info: [GET] /socket.io/?EIO=4&transport=polling&t=93w4ogxq
Tue Jan 14 2025 15:9:3 [Event Ease] info: [GET] /socket.io/?EIO=4&transport=polling&t=940ri3xt
Tue Jan 14 2025 15:9:9 [Event Ease] info: [GET] /socket.io/?EIO=4&transport=polling&t=945eb3jo
Tue Jan 14 2025 15:9:15 [Event Ease] info: [GET] /socket.io/?EIO=4&transport=polling&t=94a0pn7f
Tue Jan 14 2025 15:9:21 [Event Ease] info: [GET] /socket.io/?EIO=4&transport=polling&t=94enl3dy
Tue Jan 14 2025 15:9:27 [Event Ease] info: [GET] /socket.io/?EIO=4&transport=polling&t=94j9xfqa
Tue Jan 14 2025 15:9:33 [Event Ease] info: [GET] /socket.io/?EIO=4&transport=polling&t=94nwm9zi
Tue Jan 14 2025 15:9:39 [Event Ease] info: [GET] /socket.io/?EIO=4&transport=polling&t=94sjhxy6
Tue Jan 14 2025 15:9:45 [Event Ease] info: [GET] /socket.io/?EIO=4&transport=polling&t=94x5y5pz
Tue Jan 14 2025 15:9:51 [Event Ease] info: [GET] /socket.io/?EIO=4&transport=polling&t=951sl7t5
Tue Jan 14 2025 15:9:57 [Event Ease] info: [GET] /socket.io/?EIO=4&transport=polling&t=956flirf
Tue Jan 14 2025 15:10:3 [Event Ease] info: [GET] /socket.io/?EIO=4&transport=polling&t=95b20x9r
Tue Jan 14 2025 15:10:9 [Event Ease] info: [GET] /socket.io/?EIO=4&transport=polling&t=95fowea6
Tue Jan 14 2025 15:10:15 [Event Ease] info: [GET] /socket.io/?EIO=4&transport=polling&t=95kbjair
Tue Jan 14 2025 15:10:21 [Event Ease] info: [GET] /socket.io/?EIO=4&transport=polling&t=95oya3w0
Tue Jan 14 2025 15:10:27 [Event Ease] info: [GET] /socket.io/?EIO=4&transport=polling&t=95tktmfp
Tue Jan 14 2025 15:10:33 [Event Ease] info: [GET] /socket.io/?EIO=4&transport=polling&t=95y7j43w
Tue Jan 14 2025 15:10:39 [Event Ease] info: [GET] /socket.io/?EIO=4&transport=polling&t=962uag4a
Tue Jan 14 2025 15:10:45 [Event Ease] info: [GET] /socket.io/?EIO=4&transport=polling&t=967gmojv
Tue Jan 14 2025 15:10:51 [Event Ease] info: [GET] /socket.io/?EIO=4&transport=polling&t=96c39rdx
Tue Jan 14 2025 15:10:57 [Event Ease] info: [GET] /socket.io/?EIO=4&transport=polling&t=96gpzp8g
Tue Jan 14 2025 15:11:3 [Event Ease] info: [GET] /socket.io/?EIO=4&transport=polling&t=96lckk3c
Tue Jan 14 2025 15:11:9 [Event Ease] info: [GET] /socket.io/?EIO=4&transport=polling&t=96pznvjp
Tue Jan 14 2025 15:11:15 [Event Ease] info: [GET] /socket.io/?EIO=4&transport=polling&t=96um5acy
Tue Jan 14 2025 15:11:21 [Event Ease] info: [GET] /socket.io/?EIO=4&transport=polling&t=96z8wbf3
Tue Jan 14 2025 15:11:27 [Event Ease] info: [GET] /socket.io/?EIO=4&transport=polling&t=973vgdcf
Tue Jan 14 2025 15:11:33 [Event Ease] info: [GET] /socket.io/?EIO=4&transport=polling&t=978i54y9
Tue Jan 14 2025 15:11:39 [Event Ease] info: [GET] /socket.io/?EIO=4&transport=polling&t=97d4m096
Tue Jan 14 2025 15:11:45 [Event Ease] info: [GET] /socket.io/?EIO=4&transport=polling&t=97hrc19w
Tue Jan 14 2025 15:11:51 [Event Ease] info: [GET] /socket.io/?EIO=4&transport=polling&t=97mdzlgs
Tue Jan 14 2025 15:11:57 [Event Ease] info: [GET] /socket.io/?EIO=4&transport=polling&t=97r0xiiz
Tue Jan 14 2025 15:12:3 [Event Ease] info: [GET] /socket.io/?EIO=4&transport=polling&t=97vnhyif
Tue Jan 14 2025 15:12:9 [Event Ease] info: [GET] /socket.io/?EIO=4&transport=polling&t=9809zzvi
Tue Jan 14 2025 15:12:15 [Event Ease] info: [GET] /socket.io/?EIO=4&transport=polling&t=984wqlic
Tue Jan 14 2025 15:12:21 [Event Ease] info: [GET] /socket.io/?EIO=4&transport=polling&t=989jky2n
Tue Jan 14 2025 15:12:27 [Event Ease] info: [GET] /socket.io/?EIO=4&transport=polling&t=98e5yqb5
Tue Jan 14 2025 15:12:33 [Event Ease] info: [GET] /socket.io/?EIO=4&transport=polling&t=98isplkz
Tue Jan 14 2025 15:12:39 [Event Ease] info: [GET] /socket.io/?EIO=4&transport=polling&t=98nfcbcf
Tue Jan 14 2025 15:17:10 [Event Ease] info: [GET] /api/v1/event
